{"/media/vanem/AUX/top/jest/analyzeArray.js": {"path":"/media/vanem/AUX/top/jest/analyzeArray.js","statementMap":{"0":{"start":{"line":2,"column":14},"end":{"line":2,"column":15}},"1":{"start":{"line":3,"column":2},"end":{"line":5,"column":3}},"2":{"start":{"line":4,"column":4},"end":{"line":4,"column":19}},"3":{"start":{"line":6,"column":2},"end":{"line":11,"column":3}},"4":{"start":{"line":14,"column":0},"end":{"line":14,"column":40}},"5":{"start":{"line":16,"column":0},"end":{"line":16,"column":29}}},"fnMap":{"0":{"name":"analyzeArray","decl":{"start":{"line":1,"column":9},"end":{"line":1,"column":21}},"loc":{"start":{"line":1,"column":27},"end":{"line":12,"column":1}},"line":1}},"branchMap":{},"s":{"0":5,"1":5,"2":20,"3":5,"4":1,"5":1},"f":{"0":5},"b":{},"_coverageSchema":"1a1c01bbd47fc00a2c39e90264f33305004495a9","hash":"b40a5451267f6b20a9e0d2d9d0524238f7e0d8c3"}
,"/media/vanem/AUX/top/jest/caesarCipher.js": {"path":"/media/vanem/AUX/top/jest/caesarCipher.js","statementMap":{"0":{"start":{"line":2,"column":15},"end":{"line":2,"column":17}},"1":{"start":{"line":3,"column":2},"end":{"line":13,"column":3}},"2":{"start":{"line":4,"column":4},"end":{"line":12,"column":5}},"3":{"start":{"line":5,"column":6},"end":{"line":9,"column":7}},"4":{"start":{"line":6,"column":8},"end":{"line":6,"column":55}},"5":{"start":{"line":8,"column":8},"end":{"line":8,"column":60}},"6":{"start":{"line":11,"column":6},"end":{"line":11,"column":44}},"7":{"start":{"line":14,"column":2},"end":{"line":14,"column":25}},"8":{"start":{"line":18,"column":15},"end":{"line":18,"column":17}},"9":{"start":{"line":19,"column":2},"end":{"line":21,"column":3}},"10":{"start":{"line":20,"column":4},"end":{"line":20,"column":39}},"11":{"start":{"line":22,"column":2},"end":{"line":22,"column":15}},"12":{"start":{"line":27,"column":0},"end":{"line":27,"column":29}}},"fnMap":{"0":{"name":"caesarCipher","decl":{"start":{"line":1,"column":9},"end":{"line":1,"column":21}},"loc":{"start":{"line":1,"column":38},"end":{"line":15,"column":1}},"line":1},"1":{"name":"decipher","decl":{"start":{"line":17,"column":9},"end":{"line":17,"column":17}},"loc":{"start":{"line":17,"column":23},"end":{"line":23,"column":1}},"line":17}},"branchMap":{"0":{"loc":{"start":{"line":4,"column":4},"end":{"line":12,"column":5}},"type":"if","locations":[{"start":{"line":4,"column":4},"end":{"line":12,"column":5}},{"start":{"line":10,"column":11},"end":{"line":12,"column":5}}],"line":4},"1":{"loc":{"start":{"line":5,"column":6},"end":{"line":9,"column":7}},"type":"if","locations":[{"start":{"line":5,"column":6},"end":{"line":9,"column":7}},{"start":{"line":7,"column":13},"end":{"line":9,"column":7}}],"line":5}},"s":{"0":6,"1":6,"2":134,"3":108,"4":73,"5":35,"6":26,"7":6,"8":6,"9":6,"10":134,"11":6,"12":1},"f":{"0":6,"1":6},"b":{"0":[108,26],"1":[73,35]},"_coverageSchema":"1a1c01bbd47fc00a2c39e90264f33305004495a9","hash":"6719939d3251da1be16cb96c0d64572a198f33fd"}
,"/media/vanem/AUX/top/jest/calculator.js": {"path":"/media/vanem/AUX/top/jest/calculator.js","statementMap":{"0":{"start":{"line":1,"column":19},"end":{"line":14,"column":1}},"1":{"start":{"line":3,"column":4},"end":{"line":3,"column":16}},"2":{"start":{"line":6,"column":4},"end":{"line":6,"column":16}},"3":{"start":{"line":9,"column":4},"end":{"line":9,"column":16}},"4":{"start":{"line":12,"column":4},"end":{"line":12,"column":17}},"5":{"start":{"line":22,"column":0},"end":{"line":22,"column":27}}},"fnMap":{"0":{"name":"(anonymous_0)","decl":{"start":{"line":2,"column":7},"end":{"line":2,"column":8}},"loc":{"start":{"line":2,"column":23},"end":{"line":4,"column":3}},"line":2},"1":{"name":"(anonymous_1)","decl":{"start":{"line":5,"column":12},"end":{"line":5,"column":13}},"loc":{"start":{"line":5,"column":28},"end":{"line":7,"column":3}},"line":5},"2":{"name":"(anonymous_2)","decl":{"start":{"line":8,"column":12},"end":{"line":8,"column":13}},"loc":{"start":{"line":8,"column":22},"end":{"line":10,"column":3}},"line":8},"3":{"name":"(anonymous_3)","decl":{"start":{"line":11,"column":10},"end":{"line":11,"column":11}},"loc":{"start":{"line":11,"column":20},"end":{"line":13,"column":3}},"line":11}},"branchMap":{},"s":{"0":1,"1":2,"2":2,"3":2,"4":2,"5":1},"f":{"0":2,"1":2,"2":2,"3":2},"b":{},"_coverageSchema":"1a1c01bbd47fc00a2c39e90264f33305004495a9","hash":"14429e195daa6df2cfec76616ee90b81f39ddb52"}
,"/media/vanem/AUX/top/jest/capitalize.js": {"path":"/media/vanem/AUX/top/jest/capitalize.js","statementMap":{"0":{"start":{"line":2,"column":2},"end":{"line":2,"column":65}},"1":{"start":{"line":7,"column":0},"end":{"line":7,"column":28}}},"fnMap":{"0":{"name":"capitalize","decl":{"start":{"line":1,"column":9},"end":{"line":1,"column":19}},"loc":{"start":{"line":1,"column":28},"end":{"line":3,"column":1}},"line":1}},"branchMap":{},"s":{"0":5,"1":1},"f":{"0":5},"b":{},"_coverageSchema":"1a1c01bbd47fc00a2c39e90264f33305004495a9","hash":"16ce19d7369e4614e5d31905b67d4457f1cfa64f"}
,"/media/vanem/AUX/top/jest/reverseString.js": {"path":"/media/vanem/AUX/top/jest/reverseString.js","statementMap":{"0":{"start":{"line":2,"column":2},"end":{"line":2,"column":45}},"1":{"start":{"line":7,"column":0},"end":{"line":7,"column":30}}},"fnMap":{"0":{"name":"reverseString","decl":{"start":{"line":1,"column":9},"end":{"line":1,"column":22}},"loc":{"start":{"line":1,"column":31},"end":{"line":3,"column":1}},"line":1}},"branchMap":{},"s":{"0":2,"1":1},"f":{"0":2},"b":{},"_coverageSchema":"1a1c01bbd47fc00a2c39e90264f33305004495a9","hash":"480a54df59d3d3701b39848be601fda172cc4951"}
,"/media/vanem/AUX/top/jest/sum.js": {"path":"/media/vanem/AUX/top/jest/sum.js","statementMap":{"0":{"start":{"line":2,"column":2},"end":{"line":2,"column":15}},"1":{"start":{"line":4,"column":0},"end":{"line":4,"column":21}}},"fnMap":{"0":{"name":"sum","decl":{"start":{"line":1,"column":9},"end":{"line":1,"column":12}},"loc":{"start":{"line":1,"column":19},"end":{"line":3,"column":1}},"line":1}},"branchMap":{},"s":{"0":3,"1":1},"f":{"0":3},"b":{},"_coverageSchema":"1a1c01bbd47fc00a2c39e90264f33305004495a9","hash":"f3e0f366ebc66b377be8076f73bef3cd845050c3"}
}
