TN:
SF:analyzeArray.js
FN:1,analyzeArray
FNF:1
FNH:1
FNDA:5,analyzeArray
DA:2,5
DA:3,5
DA:4,20
DA:6,5
DA:14,1
DA:16,1
LF:6
LH:6
BRF:0
BRH:0
end_of_record
TN:
SF:caesarCipher.js
FN:1,caesarCipher
FN:17,decipher
FNF:2
FNH:2
FNDA:6,caesarCipher
FNDA:6,decipher
DA:2,6
DA:3,6
DA:4,134
DA:5,108
DA:6,73
DA:8,35
DA:11,26
DA:14,6
DA:18,6
DA:19,6
DA:20,134
DA:22,6
DA:27,1
LF:13
LH:13
BRDA:4,0,0,108
BRDA:4,0,1,26
BRDA:5,1,0,73
BRDA:5,1,1,35
BRF:4
BRH:4
end_of_record
TN:
SF:calculator.js
FN:2,(anonymous_0)
FN:5,(anonymous_1)
FN:8,(anonymous_2)
FN:11,(anonymous_3)
FNF:4
FNH:4
FNDA:2,(anonymous_0)
FNDA:2,(anonymous_1)
FNDA:2,(anonymous_2)
FNDA:2,(anonymous_3)
DA:1,1
DA:3,2
DA:6,2
DA:9,2
DA:12,2
DA:22,1
LF:6
LH:6
BRF:0
BRH:0
end_of_record
TN:
SF:capitalize.js
FN:1,capitalize
FNF:1
FNH:1
FNDA:5,capitalize
DA:2,5
DA:7,1
LF:2
LH:2
BRF:0
BRH:0
end_of_record
TN:
SF:reverseString.js
FN:1,reverseString
FNF:1
FNH:1
FNDA:2,reverseString
DA:2,2
DA:7,1
LF:2
LH:2
BRF:0
BRH:0
end_of_record
TN:
SF:sum.js
FN:1,sum
FNF:1
FNH:1
FNDA:3,sum
DA:2,3
DA:4,1
LF:2
LH:2
BRF:0
BRH:0
end_of_record
